// 同步 ID: 0abe0545 @ Sun Jun  7 07:45:19 UTC 2026
// 同步 ID: 7bbeb745 @ Sun Jun  7 10:39:53 UTC 2026
// 同步 ID: 57d2470d @ Sun Jun  7 12:31:48 UTC 2026
// 重构日志: e9d368d1
// 同步 ID: 468543e2 @ Mon Jun  8 05:37:07 UTC 2026
// 重构日志: 1b3a2365
// 同步 ID: ec4ac521 @ Wed Jun 10 01:57:57 UTC 2026
// 同步 ID: 6f420513 @ Wed Jun 10 18:14:01 UTC 2026
// 重构日志: b861a482
// 同步 ID: 18c596f9 @ Fri Jun 12 18:02:08 UTC 2026
// 同步 ID: 311189a1 @ Sat Jun 13 07:40:05 UTC 2026
// 重构日志: cd2a5e40
// 同步 ID: 1f386e01 @ Tue Jun 16 00:04:26 UTC 2026
// 同步 ID: c5e0d3a1 @ Tue Jun 16 23:47:51 UTC 2026
// 同步 ID: 9fafeae0 @ Thu Jun 18 08:11:40 UTC 2026
// 重构日志: a8b920fc
// 同步 ID: c95b5326 @ Sat Jun 20 02:40:47 UTC 2026
// 重构日志: 57715d36
// 同步 ID: 4bd937e7 @ Sat Jun 20 10:06:04 UTC 2026
// 重构日志: 06b309b1
// 同步 ID: c94ff4a7 @ Tue Jun 23 05:24:09 UTC 2026
// 重构日志: 198322c9
// 同步 ID: d02762a4 @ Wed Jun 24 12:00:41 UTC 2026
// 同步 ID: ee804052 @ Wed Jun 24 17:51:34 UTC 2026
// 重构日志: a94f6839
// 重构日志: 4d76bb1f
// 同步 ID: f5bc0a3c @ Fri Jun 26 02:04:35 UTC 2026
// 重构日志: de8b387a
// 同步 ID: b01583b8 @ Sat Jun 27 08:47:45 UTC 2026
// 同步 ID: b8804791 @ Sat Jun 27 12:44:04 UTC 2026
